Copyright 1986-2022 Xilinx, Inc. All Rights Reserved. Copyright 2022-2023 Advanced Micro Devices, Inc. All Rights Reserved.
---------------------------------------------------------------------------------------------------------------------------------------------
| Tool Version : Vivado v.2023.2 (lin64) Build 4029153 Fri Oct 13 20:13:54 MDT 2023
| Date         : Fri Nov 24 10:35:06 2023
| Host         : ubuntu.knut running 64-bit Ubuntu 22.04.3 LTS
| Command      : report_drc -file OneCycleCPUwithIO_drc_routed.rpt -pb OneCycleCPUwithIO_drc_routed.pb -rpx OneCycleCPUwithIO_drc_routed.rpx
| Design       : OneCycleCPUwithIO
| Device       : xc7z010clg400-1
| Speed File   : -1
| Design State : Fully Routed
---------------------------------------------------------------------------------------------------------------------------------------------

Report DRC

Table of Contents
-----------------
1. REPORT SUMMARY
2. REPORT DETAILS

1. REPORT SUMMARY
-----------------
            Netlist: netlist
          Floorplan: checkpoint_OneCycleCPUwithIO
      Design limits: <entire design considered>
           Ruledeck: default
             Max violations: <unlimited>
             Violations found: 2
+--------+----------+---------------------------------+------------+
| Rule   | Severity | Description                     | Violations |
+--------+----------+---------------------------------+------------+
| RPBF-3 | Warning  | IO port buffering is incomplete | 1          |
| ZPS7-1 | Warning  | PS7 block required              | 1          |
+--------+----------+---------------------------------+------------+

2. REPORT DETAILS
-----------------
RPBF-3#1 Warning
IO port buffering is incomplete  
Device port pwm_out expects both input and output buffering but the buffers are incomplete.
Related violations: <none>

ZPS7-1#1 Warning
PS7 block required  
The PS7 cell must be used in this Zynq design in order to enable correct default configuration.
Related violations: <none>


