
*** Running vivado
    with args -log pwm_reader.vds -m64 -product Vivado -mode batch -messageDb vivado.pb -notrace -source pwm_reader.tcl


****** Vivado v2023.2 (64-bit)
  **** SW Build 4029153 on Fri Oct 13 20:13:54 MDT 2023
  **** IP Build 4028589 on Sat Oct 14 00:45:43 MDT 2023
  **** SharedData Build 4025554 on Tue Oct 10 17:18:54 MDT 2023
    ** Copyright 1986-2022 Xilinx, Inc. All Rights Reserved.
    ** Copyright 2022-2023 Advanced Micro Devices, Inc. All Rights Reserved.

source pwm_reader.tcl -notrace
Command: read_checkpoint -auto_incremental -incremental /home/knutjb/Vivado/hw/hw.srcs/utils_1/imports/synth_1/limit_checker.dcp
INFO: [Vivado 12-5825] Read reference checkpoint from /home/knutjb/Vivado/hw/hw.srcs/utils_1/imports/synth_1/limit_checker.dcp for incremental synthesis
INFO: [Vivado 12-7989] Please ensure there are no constraint changes
Command: synth_design -top pwm_reader -part xc7z010clg400-1
Starting synth_design
Attempting to get a license for feature 'Synthesis' and/or device 'xc7z010'
INFO: [Common 17-349] Got license for feature 'Synthesis' and/or device 'xc7z010'
INFO: [Designutils 20-5440] No compile time benefit to using incremental synthesis; A full resynthesis will be run
INFO: [Designutils 20-4379] Flow is switching to default flow due to incremental criteria not met. If you would like to alter this behaviour and have the flow terminate instead, please set the following parameter config_implementation {autoIncr.Synth.RejectBehavior Terminate}
INFO: [Synth 8-7079] Multithreading enabled for synth_design using a maximum of 4 processes.
INFO: [Synth 8-7078] Launching helper process for spawning children vivado processes
INFO: [Synth 8-7075] Helper process launched with PID 533091
---------------------------------------------------------------------------------
Starting Synthesize : Time (s): cpu = 00:00:02 ; elapsed = 00:00:02 . Memory (MB): peak = 1789.379 ; gain = 408.598 ; free physical = 84458 ; free virtual = 241940
---------------------------------------------------------------------------------
INFO: [Synth 8-638] synthesizing module 'pwm_reader' [/home/knutjb/Vivado/hw/hw.srcs/sources_1/imports/pwm_reader_files/top_level.vhd:16]
INFO: [Synth 8-638] synthesizing module 'up_counter' [/home/knutjb/Vivado/hw/hw.srcs/sources_1/imports/pwm_reader_files/counter.vhd:13]
INFO: [Synth 8-256] done synthesizing module 'up_counter' (0#1) [/home/knutjb/Vivado/hw/hw.srcs/sources_1/imports/pwm_reader_files/counter.vhd:13]
INFO: [Synth 8-638] synthesizing module '\reg ' [/home/knutjb/Vivado/hw/hw.srcs/sources_1/imports/pwm_reader_files/reg.vhd:11]
INFO: [Synth 8-256] done synthesizing module '\reg ' (0#1) [/home/knutjb/Vivado/hw/hw.srcs/sources_1/imports/pwm_reader_files/reg.vhd:11]
INFO: [Synth 8-638] synthesizing module 'fsm' [/home/knutjb/Vivado/hw/hw.srcs/sources_1/imports/pwm_reader_files/control_path.vhd:11]
INFO: [Synth 8-256] done synthesizing module 'fsm' (0#1) [/home/knutjb/Vivado/hw/hw.srcs/sources_1/imports/pwm_reader_files/control_path.vhd:11]
INFO: [Synth 8-256] done synthesizing module 'pwm_reader' (0#1) [/home/knutjb/Vivado/hw/hw.srcs/sources_1/imports/pwm_reader_files/top_level.vhd:16]
WARNING: [Synth 8-6014] Unused sequential element echo_duration_reg was removed.  [/home/knutjb/Vivado/hw/hw.srcs/sources_1/imports/pwm_reader_files/top_level.vhd:96]
WARNING: [Synth 8-7129] Port echo in module pwm_reader is either unconnected or has no load
---------------------------------------------------------------------------------
Finished Synthesize : Time (s): cpu = 00:00:02 ; elapsed = 00:00:03 . Memory (MB): peak = 1864.316 ; gain = 483.535 ; free physical = 84317 ; free virtual = 241800
---------------------------------------------------------------------------------
---------------------------------------------------------------------------------
Finished Constraint Validation : Time (s): cpu = 00:00:03 ; elapsed = 00:00:03 . Memory (MB): peak = 1882.129 ; gain = 501.348 ; free physical = 84313 ; free virtual = 241797
---------------------------------------------------------------------------------
---------------------------------------------------------------------------------
Start Loading Part and Timing Information
---------------------------------------------------------------------------------
Loading part: xc7z010clg400-1
---------------------------------------------------------------------------------
Finished Loading Part and Timing Information : Time (s): cpu = 00:00:03 ; elapsed = 00:00:03 . Memory (MB): peak = 1890.133 ; gain = 509.352 ; free physical = 84313 ; free virtual = 241797
---------------------------------------------------------------------------------
INFO: [Device 21-403] Loading part xc7z010clg400-1
---------------------------------------------------------------------------------
Finished RTL Optimization Phase 2 : Time (s): cpu = 00:00:03 ; elapsed = 00:00:03 . Memory (MB): peak = 1899.039 ; gain = 518.258 ; free physical = 84304 ; free virtual = 241788
---------------------------------------------------------------------------------
No constraint files found.
---------------------------------------------------------------------------------
Start RTL Component Statistics 
---------------------------------------------------------------------------------
Detailed RTL Component Info : 
+---Adders : 
	   2 Input   16 Bit       Adders := 1     
+---Registers : 
	               20 Bit    Registers := 2     
	               16 Bit    Registers := 1     
	                1 Bit    Registers := 2     
+---Muxes : 
	   2 Input   16 Bit        Muxes := 1     
	   3 Input   16 Bit        Muxes := 1     
	   2 Input    1 Bit        Muxes := 5     
	   3 Input    1 Bit        Muxes := 1     
---------------------------------------------------------------------------------
Finished RTL Component Statistics 
---------------------------------------------------------------------------------
---------------------------------------------------------------------------------
Start Part Resource Summary
---------------------------------------------------------------------------------
Part Resources:
DSPs: 80 (col length:40)
BRAMs: 120 (col length: RAMB18 40 RAMB36 20)
---------------------------------------------------------------------------------
Finished Part Resource Summary
---------------------------------------------------------------------------------
No constraint files found.
---------------------------------------------------------------------------------
Start Cross Boundary and Area Optimization
---------------------------------------------------------------------------------
WARNING: [Synth 8-7080] Parallel synthesis criteria is not met
WARNING: [Synth 8-7129] Port echo in module pwm_reader is either unconnected or has no load
---------------------------------------------------------------------------------
Finished Cross Boundary and Area Optimization : Time (s): cpu = 00:00:04 ; elapsed = 00:00:05 . Memory (MB): peak = 2030.492 ; gain = 649.711 ; free physical = 84421 ; free virtual = 241908
---------------------------------------------------------------------------------
No constraint files found.
---------------------------------------------------------------------------------
Start Timing Optimization
---------------------------------------------------------------------------------
---------------------------------------------------------------------------------
Finished Timing Optimization : Time (s): cpu = 00:00:04 ; elapsed = 00:00:05 . Memory (MB): peak = 2030.492 ; gain = 649.711 ; free physical = 84415 ; free virtual = 241902
---------------------------------------------------------------------------------
---------------------------------------------------------------------------------
Start Technology Mapping
---------------------------------------------------------------------------------
---------------------------------------------------------------------------------
Finished Technology Mapping : Time (s): cpu = 00:00:05 ; elapsed = 00:00:05 . Memory (MB): peak = 2030.492 ; gain = 649.711 ; free physical = 84414 ; free virtual = 241901
---------------------------------------------------------------------------------
---------------------------------------------------------------------------------
Start IO Insertion
---------------------------------------------------------------------------------
---------------------------------------------------------------------------------
Start Flattening Before IO Insertion
---------------------------------------------------------------------------------
---------------------------------------------------------------------------------
Finished Flattening Before IO Insertion
---------------------------------------------------------------------------------
---------------------------------------------------------------------------------
Start Final Netlist Cleanup
---------------------------------------------------------------------------------
---------------------------------------------------------------------------------
Finished Final Netlist Cleanup
---------------------------------------------------------------------------------
---------------------------------------------------------------------------------
Finished IO Insertion : Time (s): cpu = 00:00:06 ; elapsed = 00:00:06 . Memory (MB): peak = 2030.492 ; gain = 649.711 ; free physical = 84398 ; free virtual = 241885
---------------------------------------------------------------------------------
---------------------------------------------------------------------------------
Start Renaming Generated Instances
---------------------------------------------------------------------------------
---------------------------------------------------------------------------------
Finished Renaming Generated Instances : Time (s): cpu = 00:00:06 ; elapsed = 00:00:06 . Memory (MB): peak = 2030.492 ; gain = 649.711 ; free physical = 84398 ; free virtual = 241885
---------------------------------------------------------------------------------
---------------------------------------------------------------------------------
Start Rebuilding User Hierarchy
---------------------------------------------------------------------------------
---------------------------------------------------------------------------------
Finished Rebuilding User Hierarchy : Time (s): cpu = 00:00:06 ; elapsed = 00:00:07 . Memory (MB): peak = 2030.492 ; gain = 649.711 ; free physical = 84398 ; free virtual = 241885
---------------------------------------------------------------------------------
---------------------------------------------------------------------------------
Start Renaming Generated Ports
---------------------------------------------------------------------------------
---------------------------------------------------------------------------------
Finished Renaming Generated Ports : Time (s): cpu = 00:00:06 ; elapsed = 00:00:07 . Memory (MB): peak = 2030.492 ; gain = 649.711 ; free physical = 84398 ; free virtual = 241885
---------------------------------------------------------------------------------
---------------------------------------------------------------------------------
Start Handling Custom Attributes
---------------------------------------------------------------------------------
---------------------------------------------------------------------------------
Finished Handling Custom Attributes : Time (s): cpu = 00:00:06 ; elapsed = 00:00:07 . Memory (MB): peak = 2030.492 ; gain = 649.711 ; free physical = 84398 ; free virtual = 241885
---------------------------------------------------------------------------------
---------------------------------------------------------------------------------
Start Renaming Generated Nets
---------------------------------------------------------------------------------
---------------------------------------------------------------------------------
Finished Renaming Generated Nets : Time (s): cpu = 00:00:06 ; elapsed = 00:00:07 . Memory (MB): peak = 2030.492 ; gain = 649.711 ; free physical = 84398 ; free virtual = 241885
---------------------------------------------------------------------------------
---------------------------------------------------------------------------------
Start Writing Synthesis Report
---------------------------------------------------------------------------------

Report BlackBoxes: 
+-+--------------+----------+
| |BlackBox name |Instances |
+-+--------------+----------+
+-+--------------+----------+

Report Cell Usage: 
+------+-------+------+
|      |Cell   |Count |
+------+-------+------+
|1     |BUFG   |     1|
|2     |CARRY4 |    12|
|3     |LUT1   |     1|
|4     |LUT2   |    37|
|5     |LUT4   |    24|
|6     |LUT5   |     1|
|7     |LUT6   |     2|
|8     |FDCE   |    61|
|9     |FDRE   |    17|
|10    |IBUF   |    24|
|11    |OBUF   |    22|
+------+-------+------+

Report Instance Areas: 
+------+----------------+-----------+------+
|      |Instance        |Module     |Cells |
+------+----------------+-----------+------+
|1     |top             |           |   202|
|2     |  control_path  |fsm        |    27|
|3     |  counter       |up_counter |    21|
|4     |  hold_reg      |\reg       |    20|
|5     |  threshold_reg |reg_0      |    43|
+------+----------------+-----------+------+
---------------------------------------------------------------------------------
Finished Writing Synthesis Report : Time (s): cpu = 00:00:06 ; elapsed = 00:00:07 . Memory (MB): peak = 2030.492 ; gain = 649.711 ; free physical = 84398 ; free virtual = 241885
---------------------------------------------------------------------------------
Synthesis finished with 0 errors, 0 critical warnings and 4 warnings.
Synthesis Optimization Runtime : Time (s): cpu = 00:00:06 ; elapsed = 00:00:07 . Memory (MB): peak = 2030.492 ; gain = 649.711 ; free physical = 84398 ; free virtual = 241885
Synthesis Optimization Complete : Time (s): cpu = 00:00:06 ; elapsed = 00:00:07 . Memory (MB): peak = 2030.500 ; gain = 649.711 ; free physical = 84398 ; free virtual = 241885
INFO: [Project 1-571] Translating synthesized netlist
Netlist sorting complete. Time (s): cpu = 00:00:00 ; elapsed = 00:00:00 . Memory (MB): peak = 2033.461 ; gain = 0.000 ; free physical = 84690 ; free virtual = 242177
INFO: [Netlist 29-17] Analyzing 12 Unisim elements for replacement
INFO: [Netlist 29-28] Unisim Transformation completed in 0 CPU seconds
INFO: [Project 1-570] Preparing netlist for logic optimization
INFO: [Opt 31-138] Pushed 0 inverter(s) to 0 load pin(s).
Netlist sorting complete. Time (s): cpu = 00:00:00 ; elapsed = 00:00:00 . Memory (MB): peak = 2167.176 ; gain = 0.000 ; free physical = 84609 ; free virtual = 242097
INFO: [Project 1-111] Unisim Transformation Summary:
No Unisim elements were transformed.

Synth Design complete | Checksum: 4cb07516
INFO: [Common 17-83] Releasing license: Synthesis
24 Infos, 4 Warnings, 0 Critical Warnings and 0 Errors encountered.
synth_design completed successfully
synth_design: Time (s): cpu = 00:00:08 ; elapsed = 00:00:07 . Memory (MB): peak = 2167.211 ; gain = 796.336 ; free physical = 84614 ; free virtual = 242102
INFO: [Common 17-2834] synth_design peak Physical Memory [PSS] (MB): overall = 1428.964; main = 1428.964; forked = 0.000
INFO: [Common 17-2834] synth_design peak Virtual Memory [VSS] (MB): overall = 2167.180; main = 2167.180; forked = 0.000
Write ShapeDB Complete: Time (s): cpu = 00:00:00 ; elapsed = 00:00:00 . Memory (MB): peak = 2191.188 ; gain = 0.000 ; free physical = 84619 ; free virtual = 242106
INFO: [Common 17-1381] The checkpoint '/home/knutjb/Vivado/hw/hw.runs/synth_1/pwm_reader.dcp' has been generated.
INFO: [runtcl-4] Executing : report_utilization -file pwm_reader_utilization_synth.rpt -pb pwm_reader_utilization_synth.pb
INFO: [Common 17-206] Exiting Vivado at Wed Nov 22 12:53:23 2023...
